<?xml version="1.0" encoding="UTF-8"?>
<testsuite name="com.kotov.util.NumberValidatorTest" tests="4" skipped="0" failures="0" errors="0" timestamp="2021-09-25T20:32:24" hostname="KOTOFEY" time="0.008">
  <properties/>
  <testcase name="isNumberWithNegativeNumber()" classname="com.kotov.util.NumberValidatorTest" time="0.002"/>
  <testcase name="isNumberWithPositiveNumber()" classname="com.kotov.util.NumberValidatorTest" time="0.0"/>
  <testcase name="isNumberWithWrongArgument()" classname="com.kotov.util.NumberValidatorTest" time="0.002"/>
  <testcase name="isNumberWithNull()" classname="com.kotov.util.NumberValidatorTest" time="0.002"/>
  <system-out><![CDATA[]]></system-out>
  <system-err><![CDATA[]]></system-err>
</testsuite>
